<?xml version="1.0" encoding="UTF-8"?>
<coverage generated="1618990230495" clover="3.2.0">
  <project timestamp="1618990230495" name="All files">
    <metrics statements="14" coveredstatements="5" conditionals="2" coveredconditionals="1" methods="3" coveredmethods="1" elements="19" coveredelements="7" complexity="0" loc="14" ncloc="14" packages="1" files="2" classes="2"/>
    <file name="formHandler.js" path="E:\WORK\Coding\Web Dev\1-Courses\Udacity\FWD Advanced track\Projects\fend\projects\evaluate-news-nlp\src\client\js\formHandler.js">
      <metrics statements="9" coveredstatements="1" conditionals="0" coveredconditionals="0" methods="2" coveredmethods="0"/>
      <line num="2" count="1" type="stmt"/>
      <line num="4" count="0" type="stmt"/>
      <line num="7" count="0" type="stmt"/>
      <line num="9" count="0" type="stmt"/>
      <line num="11" count="0" type="stmt"/>
      <line num="14" count="0" type="stmt"/>
      <line num="21" count="0" type="stmt"/>
      <line num="22" count="0" type="stmt"/>
      <line num="24" count="0" type="stmt"/>
    </file>
    <file name="nameChecker.js" path="E:\WORK\Coding\Web Dev\1-Courses\Udacity\FWD Advanced track\Projects\fend\projects\evaluate-news-nlp\src\client\js\nameChecker.js">
      <metrics statements="5" coveredstatements="4" conditionals="2" coveredconditionals="1" methods="1" coveredmethods="1"/>
      <line num="2" count="1" type="stmt"/>
      <line num="3" count="1" type="stmt"/>
      <line num="5" count="1" type="cond" truecount="1" falsecount="1"/>
      <line num="6" count="1" type="stmt"/>
      <line num="8" count="0" type="stmt"/>
    </file>
  </project>
</coverage>
