{"E:\\WORK\\Coding\\Web Dev\\1-Courses\\Udacity\\FWD Advanced track\\Projects\\fend\\projects\\evaluate-news-nlp\\src\\client\\js\\formHandler.js": {"path":"E:\\WORK\\Coding\\Web Dev\\1-Courses\\Udacity\\FWD Advanced track\\Projects\\fend\\projects\\evaluate-news-nlp\\src\\client\\js\\formHandler.js","statementMap":{"0":{"start":{"line":2,"column":14},"end":{"line":2,"column":30}},"1":{"start":{"line":4,"column":2},"end":{"line":4,"column":25}},"2":{"start":{"line":7,"column":17},"end":{"line":7,"column":54}},"3":{"start":{"line":9,"column":2},"end":{"line":9,"column":45}},"4":{"start":{"line":11,"column":2},"end":{"line":11,"column":40}},"5":{"start":{"line":14,"column":2},"end":{"line":27,"column":5}},"6":{"start":{"line":21,"column":4},"end":{"line":21,"column":28}},"7":{"start":{"line":22,"column":4},"end":{"line":22,"column":26}},"8":{"start":{"line":24,"column":4},"end":{"line":26,"column":77}}},"fnMap":{"0":{"name":"handleSubmit","decl":{"start":{"line":3,"column":9},"end":{"line":3,"column":21}},"loc":{"start":{"line":3,"column":29},"end":{"line":28,"column":1}},"line":3},"1":{"name":"(anonymous_1)","decl":{"start":{"line":20,"column":10},"end":{"line":20,"column":11}},"loc":{"start":{"line":20,"column":19},"end":{"line":27,"column":3}},"line":20}},"branchMap":{},"s":{"0":1,"1":0,"2":0,"3":0,"4":0,"5":0,"6":0,"7":0,"8":0},"f":{"0":0,"1":0},"b":{},"_coverageSchema":"1a1c01bbd47fc00a2c39e90264f33305004495a9","hash":"8dfafb08328938120d41cdded90e83a5e7ef97d2"}
,"E:\\WORK\\Coding\\Web Dev\\1-Courses\\Udacity\\FWD Advanced track\\Projects\\fend\\projects\\evaluate-news-nlp\\src\\client\\js\\nameChecker.js": {"path":"E:\\WORK\\Coding\\Web Dev\\1-Courses\\Udacity\\FWD Advanced track\\Projects\\fend\\projects\\evaluate-news-nlp\\src\\client\\js\\nameChecker.js","statementMap":{"0":{"start":{"line":2,"column":2},"end":{"line":2,"column":57}},"1":{"start":{"line":3,"column":14},"end":{"line":3,"column":65}},"2":{"start":{"line":5,"column":2},"end":{"line":9,"column":3}},"3":{"start":{"line":6,"column":4},"end":{"line":6,"column":31}},"4":{"start":{"line":8,"column":4},"end":{"line":8,"column":28}}},"fnMap":{"0":{"name":"checkForName","decl":{"start":{"line":1,"column":9},"end":{"line":1,"column":21}},"loc":{"start":{"line":1,"column":33},"end":{"line":10,"column":1}},"line":1}},"branchMap":{"0":{"loc":{"start":{"line":5,"column":2},"end":{"line":9,"column":3}},"type":"if","locations":[{"start":{"line":5,"column":2},"end":{"line":9,"column":3}},{"start":{"line":5,"column":2},"end":{"line":9,"column":3}}],"line":5}},"s":{"0":1,"1":1,"2":1,"3":1,"4":0},"f":{"0":1},"b":{"0":[1,0]},"_coverageSchema":"1a1c01bbd47fc00a2c39e90264f33305004495a9","hash":"80cf5954f729c5e7fbb0949b701651a82cc7dcdf"}
}
